c:\users\student\desktop\soundeditermk.3_2\debug\vc140.pdb
c:\users\student\desktop\soundeditermk.3_2\debug\vc140.idb
c:\users\student\desktop\soundeditermk.3_2\debug\application.nativecodeanalysis.xml
c:\users\student\desktop\soundeditermk.3_2\debug\input.nativecodeanalysis.xml
c:\users\student\desktop\soundeditermk.3_2\debug\main.nativecodeanalysis.xml
c:\users\student\desktop\soundeditermk.3_2\debug\renderer.nativecodeanalysis.xml
c:\users\student\desktop\soundeditermk.3_2\debug\sound.nativecodeanalysis.xml
c:\users\student\desktop\soundeditermk.3_2\debug\soundmanager.nativecodeanalysis.xml
c:\users\student\desktop\soundeditermk.3_2\debug\soundmp3.nativecodeanalysis.xml
c:\users\student\desktop\soundeditermk.3_2\debug\soundwave.nativecodeanalysis.xml
c:\users\student\desktop\soundeditermk.3_2\debug\soundwave.obj
c:\users\student\desktop\soundeditermk.3_2\debug\soundmp3.obj
c:\users\student\desktop\soundeditermk.3_2\debug\soundmanager.obj
c:\users\student\desktop\soundeditermk.3_2\debug\sound.obj
c:\users\student\desktop\soundeditermk.3_2\debug\renderer.obj
c:\users\student\desktop\soundeditermk.3_2\debug\main.obj
c:\users\student\desktop\soundeditermk.3_2\debug\input.obj
c:\users\student\desktop\soundeditermk.3_2\debug\application.obj
c:\users\student\desktop\soundeditermk.3_2\debug\soundeditermk.3.ilk
c:\users\student\desktop\soundeditermk.3_2\debug\soundeditermk.3.exe
c:\users\student\desktop\soundeditermk.3_2\debug\soundeditermk.3.pdb
c:\users\student\desktop\soundeditermk.3_2\debug\nativecodeanalysis.read.1.tlog
c:\users\student\desktop\soundeditermk.3_2\debug\vc.nativecodeanalysis.all.xml
c:\users\student\desktop\soundeditermk.3_2\debug\soundeditermk.3.exe.lastcodeanalysissucceeded
c:\users\student\desktop\soundeditermk.3_2\debug\soundeditermk.3.tlog\cl.command.1.tlog
c:\users\student\desktop\soundeditermk.3_2\debug\soundeditermk.3.tlog\cl.read.1.tlog
c:\users\student\desktop\soundeditermk.3_2\debug\soundeditermk.3.tlog\cl.write.1.tlog
c:\users\student\desktop\soundeditermk.3_2\debug\soundeditermk.3.tlog\link.command.1.tlog
c:\users\student\desktop\soundeditermk.3_2\debug\soundeditermk.3.tlog\link.read.1.tlog
c:\users\student\desktop\soundeditermk.3_2\debug\soundeditermk.3.tlog\link.write.1.tlog
